2015-09-22 08:13:04.117 DEBUG [           main] c.p.n.e.r.TransformInfo:111 - Created TransformInfo@5f205536(EasyMock for class com.persinity.common.collection.DirectedEdge, EasyMock for class com.persinity.common.collection.DirectedEdge, EasyMock for interface com.persinity.ndt.transform.RelExtractFunc, EasyMock for interface com.persinity.ndt.transform.TupleFunc, EasyMock for interface com.persinity.ndt.transform.RelLoadFunc, 8)
2015-09-22 08:13:04.128 DEBUG [           main] c.p.n.e.r.TransformInfo:111 - Created TransformInfo@ccd356c(EasyMock for class com.persinity.common.collection.DirectedEdge, EasyMock for class com.persinity.common.collection.DirectedEdge, EasyMock for interface com.persinity.ndt.transform.RelExtractFunc, EasyMock for interface com.persinity.ndt.transform.TupleFunc, EasyMock for interface com.persinity.ndt.transform.RelLoadFunc, 8)
2015-09-22 08:13:04.128 DEBUG [           main] c.p.n.e.r.TransformInfo:111 - Created TransformInfo@ccd356c(EasyMock for class com.persinity.common.collection.DirectedEdge, EasyMock for class com.persinity.common.collection.DirectedEdge, EasyMock for interface com.persinity.ndt.transform.RelExtractFunc, EasyMock for interface com.persinity.ndt.transform.TupleFunc, EasyMock for interface com.persinity.ndt.transform.RelLoadFunc, 8)
2015-09-22 08:13:04.128 DEBUG [           main] c.p.n.e.r.TransformInfo:111 - Created TransformInfo@c69b9605(EasyMock for class com.persinity.common.collection.DirectedEdge, EasyMock for class com.persinity.common.collection.DirectedEdge, EasyMock for interface com.persinity.ndt.transform.RelExtractFunc, EasyMock for class com.persinity.ndt.transform.RepeaterTupleFunc, EasyMock for interface com.persinity.ndt.transform.RelLoadFunc, 8)
2015-09-22 08:13:04.129 DEBUG [           main] c.p.n.e.r.TransformInfo:111 - Created TransformInfo@c69b9605(EasyMock for class com.persinity.common.collection.DirectedEdge, EasyMock for class com.persinity.common.collection.DirectedEdge, EasyMock for interface com.persinity.ndt.transform.RelExtractFunc, EasyMock for class com.persinity.ndt.transform.RepeaterTupleFunc, EasyMock for interface com.persinity.ndt.transform.RelLoadFunc, 8)
2015-09-22 08:13:04.315 DEBUG [           main] c.p.n.e.r.RelTransferWindow:111 - Created RelTransferWindow@8e0b2a96(EasyMock for interface com.persinity.common.collection.Pool->EasyMock for interface com.persinity.common.collection.Pool, [TransactionA, TransactionB], [emp, dept], [emp, dept])
2015-09-22 08:13:04.316 DEBUG [           main] c.p.n.e.r.RelTransferWindow:111 - Created RelTransferWindow@8e0b2a96(EasyMock for interface com.persinity.common.collection.Pool->EasyMock for interface com.persinity.common.collection.Pool, [TransactionA, TransactionB], [emp, dept], [emp, dept])
2015-09-22 08:13:04.316 DEBUG [           main] c.p.n.e.r.RelTransferWindow:111 - Created RelTransferWindow@78bcd89(EasyMock for interface com.persinity.common.collection.Pool->EasyMock for interface com.persinity.common.collection.Pool, [TransactionA, TransactionB], [employee, department], [employee, department])
2015-09-22 08:13:04.316 DEBUG [           main] c.p.n.e.r.RelTransferWindow:111 - Created RelTransferWindow@8e0b2a96(EasyMock for interface com.persinity.common.collection.Pool->EasyMock for interface com.persinity.common.collection.Pool, [TransactionA, TransactionB], [emp, dept], [emp, dept])
2015-09-22 08:13:04.317 DEBUG [           main] c.p.n.e.r.RelTransferWindow:111 - Created RelTransferWindow@8e0b2a96(EasyMock for interface com.persinity.common.collection.Pool->EasyMock for interface com.persinity.common.collection.Pool, [TransactionA, TransactionB], [emp, dept], [emp, dept])
2015-09-22 08:13:04.317 DEBUG [           main] c.p.n.e.r.RelTransferWindow:111 - Created RelTransferWindow@8e0b2a96(EasyMock for interface com.persinity.common.collection.Pool->EasyMock for interface com.persinity.common.collection.Pool, [TransactionA, TransactionB], [emp, dept], [emp, dept])
2015-09-22 08:13:04.317 DEBUG [           main] c.p.n.e.r.RelTransferWindow:111 - Created RelTransferWindow@8e0b2a96(EasyMock for interface com.persinity.common.collection.Pool->EasyMock for interface com.persinity.common.collection.Pool, [TransactionA, TransactionB], [emp, dept], [emp, dept])
2015-09-22 08:13:04.318 DEBUG [           main] c.p.n.e.r.RelTransferWindow:111 - Created RelTransferWindow@8e0b2a96(EasyMock for interface com.persinity.common.collection.Pool->EasyMock for interface com.persinity.common.collection.Pool, [TransactionA, TransactionB], [emp, dept], [emp, dept])
2015-09-22 08:13:04.325 DEBUG [           main] c.p.n.e.r.RelTransferWindow:111 - Created RelTransferWindow@ab7e231c(EasyMock for interface com.persinity.common.collection.Pool->EasyMock for interface com.persinity.common.collection.Pool, [T1, T2], [cclog_emp], [cclog_emp])
2015-09-22 08:13:04.325 DEBUG [           main] c.p.n.e.r.TransformInfo:111 - Created TransformInfo@c0a5a97a(clog_emp->cclog_emp, [empid]->[empid], ParamQryFunc(SELECT ... FROM clog_emp...), ClogCoalesceTupleFunc, ParamDmlLoadFunc(INSERT(cclog_emp)...), 8)
2015-09-22 08:13:04.328 DEBUG [           main] c.p.n.e.r.c.EtlRelTransferFunctor:111 - Created EtlRelTransferFunc@4d89ef57([T1, T2, T2, T2, T2, T2, T2, T2]) [1->2 / 5] ParamQryFunc(SELECT ... FROM clog_emp...) ClogCoalesceTupleFunc -> ParamDmlLoadFunc(INSERT(cclog_emp)...) for EtlRelTransferFunctor@91c5da54(RelTransferWindow@ab7e231c) cclog_emp TransformInfo@c0a5a97a
2015-09-22 08:13:04.329 DEBUG [           main] c.p.n.e.r.c.EtlRelTransferFunctor:111 - Created EtlRelTransferFunc@510fcf97([T1, T2, T2, T2, T2, T2, T2, T2]) [3->4 / 5] ParamQryFunc(SELECT ... FROM clog_emp...) ClogCoalesceTupleFunc -> ParamDmlLoadFunc(INSERT(cclog_emp)...) for EtlRelTransferFunctor@91c5da54(RelTransferWindow@ab7e231c) cclog_emp TransformInfo@c0a5a97a
2015-09-22 08:13:04.329 DEBUG [           main] c.p.n.e.r.c.EtlRelTransferFunctor:111 - Returned 2 funcs for EtlRelTransferFunctor@91c5da54(RelTransferWindow@ab7e231c) cclog_emp TransformInfo@c0a5a97a
2015-09-22 08:13:04.336 DEBUG [           main] c.p.n.e.r.TransformInfo:111 - Created TransformInfo@e28f8371(clog_leadingEntity1->clog_leadingEntity1, [leadingCol1]->[leadingCol1], ParamQryFunc(SELECT ... FROM select leadingCol1 from clog_leadingEntity1 filter 8 ins_upd_del...), RepeaterTupleFunc, RelLoadFuncComposition@652520bb(MetricCounterFunc@688808dd(com.persinity.ndt.etlmodule.relational.migrate.rows), ParamDmlLoadFunc(insert(insert leadingCol1 into clog_leadingEntity1 ON FAILURE do(do nothing for failed CLOG insert)...)...)), 8)
2015-09-22 08:13:04.337 DEBUG [           main] c.p.n.e.r.TransformInfo:111 - Created TransformInfo@255cf1a8(clog_leadingEntity2->clog_leadingEntity2, [leadingCol2]->[leadingCol2], ParamQryFunc(SELECT ... FROM select leadingCol2 from clog_leadingEntity2 filter 8 ins_upd_del...), RepeaterTupleFunc, RelLoadFuncComposition@905eba(MetricCounterFunc@63b05a0(com.persinity.ndt.etlmodule.relational.migrate.rows), ParamDmlLoadFunc(insert(insert leadingCol2 into clog_leadingEntity2 ON FAILURE do(do nothing for failed CLOG insert)...)...)), 8)
2015-09-22 08:13:04.371 DEBUG [           main] c.p.n.e.r.TransformInfo:111 - Created TransformInfo@caa0d2ba(clog_leadingEntity1->clog_leadingEntity1, [leadingCol1]->[leadingCol1], ParamQryFunc(SELECT ... FROM select leadingCol1 from clog_leadingEntity1 filter 8 ins_upd_del...), ClogCoalesceTupleFunc, RelLoadFuncComposition@352a9b79(MetricCounterFunc@454034(com.persinity.ndt.etlmodule.relational.migrate.rows), ParamDmlLoadFunc(insert(insert leadingCol1 into clog_leadingEntity1 ON FAILURE do(do nothing for failed CLOG insert)...)...)), 8)
2015-09-22 08:13:04.378 DEBUG [           main] c.p.n.e.r.TransformInfo:111 - Created TransformInfo@a75fdb36(clog_leadingEntity1->entity1, [leadingCol1]->[leadingCol1], ParamQryFunc(SELECT ... FROM select leadingCol1 from clog_leadingEntity1 filter 8 ins_upd_del...), com.persinity.ndt.transform.TupleFuncComposition@2f06692f, RelLoadFuncComposition@4de3a4c7(MetricCounterFunc@1c572cc4(com.persinity.ndt.etlmodule.relational.transform.rows), ParamDmlLoadFunc(insert(insert leadingCol1 into entity1 ON FAILURE update(update leadingCol1 into entity1)...)...)), 8)
2015-09-22 08:13:04.383 DEBUG [           main] c.p.n.e.r.TransformInfo:111 - Created TransformInfo@8dc220e1(clog_leadingEntity1->entity1, [leadingCol1]->[leadingCol1], ParamQryFunc(SELECT ... FROM select leadingCol1 from clog_leadingEntity1 filter 8 ins_upd_del...), com.persinity.ndt.transform.TupleFuncComposition@1f3c0665, RelLoadFuncComposition@1dc7e0e8(MetricCounterFunc@2d7eae9e(com.persinity.ndt.etlmodule.relational.transform.rows), ParamDmlLoadFunc(delete(delete leadingCol1 from entity1)...)), 8)
2015-09-22 08:13:04.384 DEBUG [           main] c.p.n.e.r.TransformInfo:111 - Created TransformInfo@b4e15187(clog_leadingEntity1->entity1, [leadingCol1]->[leadingCol1], ParamQryFunc(SELECT ... FROM select leadingCol1 from clog_leadingEntity1 filter 8 ins_upd_del...), com.persinity.ndt.transform.TupleFuncComposition@57fa1e67, RelLoadFuncComposition@65e22950(MetricCounterFunc@63067771(com.persinity.ndt.etlmodule.relational.transform.rows), ParamDmlLoadFunc(delete(delete leadingCol1 from entity1)...)), 8)
2015-09-22 08:13:04.385 DEBUG [           main] c.p.n.e.r.TransformInfo:111 - Created TransformInfo@3ea2b6f5(clog_leadingEntity2->entity2, [leadingCol2]->[leadingCol2], ParamQryFunc(SELECT ... FROM select leadingCol2 from clog_leadingEntity2 filter 8 ins_upd_del...), com.persinity.ndt.transform.TupleFuncComposition@3d8bce81, RelLoadFuncComposition@25a296b8(MetricCounterFunc@55551d55(com.persinity.ndt.etlmodule.relational.transform.rows), ParamDmlLoadFunc(delete(delete leadingCol2 from entity2)...)), 8)
2015-09-22 08:13:04.387 DEBUG [           main] c.p.n.e.r.TransformInfo:111 - Created TransformInfo@bde651ae(clog_leadingEntity1->entity1, [leadingCol1]->[leadingCol1], ParamQryFunc(SELECT ... FROM select leadingCol1 from clog_leadingEntity1 filter 8 ins_upd_del...), com.persinity.ndt.transform.TupleFuncComposition@46f8e337, RelLoadFuncComposition@7e0d5447(MetricCounterFunc@1d1841f8(com.persinity.ndt.etlmodule.relational.transform.rows), ParamDmlLoadFunc(insert(insert leadingCol1 into entity1 ON FAILURE update(update leadingCol1 into entity1)...)...)), 8)
2015-09-22 08:13:04.388 DEBUG [           main] c.p.n.e.r.TransformInfo:111 - Created TransformInfo@ffcd0a15(clog_leadingEntity2->entity2, [leadingCol2]->[leadingCol2], ParamQryFunc(SELECT ... FROM select leadingCol2 from clog_leadingEntity2 filter 8 ins_upd_del...), com.persinity.ndt.transform.TupleFuncComposition@23930fb4, RelLoadFuncComposition@bec04ab(MetricCounterFunc@34267caa(com.persinity.ndt.etlmodule.relational.transform.rows), ParamDmlLoadFunc(insert(insert leadingCol2 into entity2 ON FAILURE update(update leadingCol2 into entity2)...)...)), 8)
2015-09-22 08:13:04.390 DEBUG [           main] c.p.n.e.r.TransformInfo:111 - Created TransformInfo@3dad04cc(clog_leadingEntity1->clog_leadingEntity1, [leadingCol1]->[leadingCol1], ParamQryFunc(SELECT ... FROM select leadingCol1 from clog_leadingEntity1 filter 8 ins_upd_del...), ClogCoalesceTupleFunc, RelLoadFuncComposition@2d71f7fb(MetricCounterFunc@154f970c(com.persinity.ndt.etlmodule.relational.migrate.rows), ParamDmlLoadFunc(insert(insert leadingCol1 into clog_leadingEntity1 ON FAILURE do(do nothing for failed CLOG insert)...)...)), 8)
2015-09-22 08:13:04.390 DEBUG [           main] c.p.n.e.r.TransformInfo:111 - Created TransformInfo@8b713542(clog_leadingEntity2->clog_leadingEntity2, [leadingCol2]->[leadingCol2], ParamQryFunc(SELECT ... FROM select leadingCol2 from clog_leadingEntity2 filter 8 ins_upd_del...), ClogCoalesceTupleFunc, RelLoadFuncComposition@1efb880e(MetricCounterFunc@13a15f06(com.persinity.ndt.etlmodule.relational.migrate.rows), ParamDmlLoadFunc(insert(insert leadingCol2 into clog_leadingEntity2 ON FAILURE do(do nothing for failed CLOG insert)...)...)), 8)
2015-09-22 08:13:04.392 DEBUG [           main] c.p.n.e.r.TransformInfo:111 - Created TransformInfo@4019996(clog_leadingEntity1->clog_leadingEntity1, [leadingCol1]->[leadingCol1], ParamQryFunc(SELECT ... FROM select leadingCol1 from clog_leadingEntity1 filter 8 ins_upd_del...), RepeaterTupleFunc, RelLoadFuncComposition@5c0ad75b(MetricCounterFunc@4bc0c692(com.persinity.ndt.etlmodule.relational.migrate.rows), ParamDmlLoadFunc(insert(insert leadingCol1 into clog_leadingEntity1 ON FAILURE do(do nothing for failed CLOG insert)...)...)), 8)
2015-09-22 08:13:04.393 DEBUG [           main] c.p.n.e.r.TransformInfo:111 - Created TransformInfo@6dedbb10(clog_leadingEntity2->clog_leadingEntity2, [leadingCol2]->[leadingCol2], ParamQryFunc(SELECT ... FROM select leadingCol2 from clog_leadingEntity2 filter 8 ins_upd_del...), RepeaterTupleFunc, RelLoadFuncComposition@257ae572(MetricCounterFunc@276db297(com.persinity.ndt.etlmodule.relational.migrate.rows), ParamDmlLoadFunc(insert(insert leadingCol2 into clog_leadingEntity2 ON FAILURE do(do nothing for failed CLOG insert)...)...)), 8)
2015-09-22 08:13:04.398 DEBUG [           main] c.p.n.e.r.c.EtlRelTransferFunc:111 - Applying EtlRelTransferFunc@12c71902([tid1, tid2]) [101->102 / 103] EasyMock for interface com.persinity.ndt.transform.RelExtractFunc EasyMock for interface com.persinity.ndt.transform.TupleFunc -> EasyMock for interface com.persinity.ndt.transform.RelLoadFunc on EasyMock for class com.persinity.common.collection.DirectedEdge
2015-09-22 08:13:04.399 DEBUG [           main] c.p.n.e.r.c.EtlRelTransferFunc:111 - Applied res: 5
2015-09-22 08:13:04.406 DEBUG [           main] c.p.n.e.r.TransformInfo:111 - Created TransformInfo@4568cb4e(EasyMock for class com.persinity.common.collection.DirectedEdge, EasyMock for class com.persinity.common.collection.DirectedEdge, EasyMock for interface com.persinity.ndt.transform.RelExtractFunc, EasyMock for interface com.persinity.ndt.transform.TupleFunc, EasyMock for interface com.persinity.ndt.transform.RelLoadFunc, 8)
2015-09-22 08:13:04.407 DEBUG [           main] c.p.n.e.r.c.EtlRelTransferFunctor:111 - Created EtlRelTransferFunc@bd3a9f46([tif1, tif2, tif2, tif2, tif2, tif2, tif2, tif2]) [101->102 / 106] EasyMock for interface com.persinity.ndt.transform.RelExtractFunc EasyMock for interface com.persinity.ndt.transform.TupleFunc -> EasyMock for interface com.persinity.ndt.transform.RelLoadFunc for EtlRelTransferFunctor@5dc7cf41(EasyMock for interface com.persinity.ndt.transform.TransferWindow) dtable TransformInfo@4568cb4e
2015-09-22 08:13:04.407 DEBUG [           main] c.p.n.e.r.c.EtlRelTransferFunctor:111 - Created EtlRelTransferFunc@c0ce9707([tif1, tif2, tif2, tif2, tif2, tif2, tif2, tif2]) [103->105 / 106] EasyMock for interface com.persinity.ndt.transform.RelExtractFunc EasyMock for interface com.persinity.ndt.transform.TupleFunc -> EasyMock for interface com.persinity.ndt.transform.RelLoadFunc for EtlRelTransferFunctor@5dc7cf41(EasyMock for interface com.persinity.ndt.transform.TransferWindow) dtable TransformInfo@4568cb4e
2015-09-22 08:13:04.408 DEBUG [           main] c.p.n.e.r.c.EtlRelTransferFunctor:111 - Returned 2 funcs for EtlRelTransferFunctor@5dc7cf41(EasyMock for interface com.persinity.ndt.transform.TransferWindow) dtable TransformInfo@4568cb4e
2015-09-22 08:13:04.413 DEBUG [           main] c.p.c.Config:111 - Loaded properties from classpath, file: dbagent.properties
2015-09-22 08:13:04.444 DEBUG [           main] c.p.n.e.r.c.BaseWindowGenerator:111 - TIDs loaded from EasyMock for interface com.persinity.common.collection.Pool: [T1, T2, T3] for [dept, emp, sale]
2015-09-22 08:13:04.444 DEBUG [           main] c.p.n.e.r.c.BaseWindowGenerator:111 - GID head progressed to: 6
2015-09-22 08:13:04.445 DEBUG [           main] c.p.n.e.r.RelTransferWindow:111 - Created RelTransferWindow@18fa94fa(EasyMock for class com.persinity.common.collection.DirectedEdge, [T1, T2, T3], [dept, emp, sale], null)
2015-09-22 08:13:04.445 DEBUG [           main] c.p.n.e.r.c.BaseWindowGenerator:111 - TIDs left in EasyMock for interface com.persinity.common.collection.Pool: 0
2015-09-22 08:13:04.445 DEBUG [           main] c.p.n.e.r.c.BaseWindowGenerator:111 - TIDs left in EasyMock for interface com.persinity.common.collection.Pool: 0
2015-09-22 08:13:04.462 DEBUG [           main] c.p.n.e.h.LuwJobProducer:111 - Processing EasyMock for class com.persinity.ndt.etlmodule.haka.TransferEntityJob
2015-09-22 08:13:04.464 DEBUG [           main] c.p.n.e.h.LuwJobProducer:111 - Processing EasyMock for class com.persinity.ndt.etlmodule.haka.TransferEntityJob
2015-09-22 08:13:04.464 DEBUG [           main] c.p.n.e.h.LuwJobProducer:111 - Created LuwJob@34d9558d(182b13ee04b8-4/182b13ee04b8-7, EasyMock for interface com.persinity.ndt.transform.TransferFunc, EasyMock for class com.persinity.common.collection.DirectedEdge)
2015-09-22 08:13:04.465 DEBUG [           main] c.p.n.e.h.LuwJobProducer:111 - Created LuwJob@287fb716(182b13ee04b8-4/182b13ee04b8-8, EasyMock for interface com.persinity.ndt.transform.TransferFunc, EasyMock for class com.persinity.common.collection.DirectedEdge)
2015-09-22 08:13:04.465 DEBUG [           main] c.p.n.e.h.LuwJobProducer:111 - Created LuwJob@58cd1a1f(182b13ee04b8-4/182b13ee04b8-9, EasyMock for interface com.persinity.ndt.transform.TransferFunc, EasyMock for class com.persinity.common.collection.DirectedEdge)
2015-09-22 08:13:04.466 DEBUG [           main] c.p.n.e.h.LuwJobProducer:111 - Returned jobs: 3
2015-09-22 08:13:04.474 DEBUG [           main] c.p.n.e.h.ClogGcJobProducer:111 - Processing GcJob@2a901849(182b13ee04b8-13/182b13ee04b8-13, {com.persinity.ndt.etlmodule.haka.ClogGcJobProducerTest$ComparableF@5532d584->com.persinity.ndt.etlmodule.haka.ClogGcJobProducerTest$ComparableF@7c5ff8ce, com.persinity.ndt.etlmodule.haka.ClogGcJobProducerTest$ComparableF@7c5ff8ce, com.persinity.ndt.etlmodule.haka.ClogGcJobProducerTest$ComparableF@4755d962->com.persinity.ndt.etlmodule.haka.ClogGcJobProducerTest$ComparableF@5532d584}, EasyMock for interface com.persinity.common.collection.Pool, 2)
2015-09-22 08:13:04.475 DEBUG [           main] c.p.n.e.h.ClogGcJobProducer:111 - Created ClogGcJob@5e9e6c9(182b13ee04b8-13/182b13ee04b8-14, com.persinity.ndt.etlmodule.haka.ClogGcJobProducerTest$ComparableF@4755d962, EasyMock for interface com.persinity.common.collection.Pool)
2015-09-22 08:13:04.475 DEBUG [           main] c.p.n.e.h.ClogGcJobProducer:111 - Created ClogGcJob@3f2e9927(182b13ee04b8-13/182b13ee04b8-15, com.persinity.ndt.etlmodule.haka.ClogGcJobProducerTest$ComparableF@5532d584, EasyMock for interface com.persinity.common.collection.Pool)
2015-09-22 08:13:04.476 DEBUG [           main] c.p.n.e.h.ClogGcJobProducer:111 - Processing GcJob@2a901849(182b13ee04b8-13/182b13ee04b8-13, {com.persinity.ndt.etlmodule.haka.ClogGcJobProducerTest$ComparableF@5532d584->com.persinity.ndt.etlmodule.haka.ClogGcJobProducerTest$ComparableF@7c5ff8ce, com.persinity.ndt.etlmodule.haka.ClogGcJobProducerTest$ComparableF@7c5ff8ce, com.persinity.ndt.etlmodule.haka.ClogGcJobProducerTest$ComparableF@4755d962->com.persinity.ndt.etlmodule.haka.ClogGcJobProducerTest$ComparableF@5532d584}, EasyMock for interface com.persinity.common.collection.Pool, 2)
2015-09-22 08:13:04.476 DEBUG [           main] c.p.n.e.h.ClogGcJobProducer:111 - Created ClogGcJob@48606fb1(182b13ee04b8-13/182b13ee04b8-18, com.persinity.ndt.etlmodule.haka.ClogGcJobProducerTest$ComparableF@7c5ff8ce, EasyMock for interface com.persinity.common.collection.Pool)
2015-09-22 08:13:04.476 DEBUG [           main] c.p.n.e.h.ClogGcJobProducer:111 - Processing GcJob@2a901849(182b13ee04b8-13/182b13ee04b8-13, {com.persinity.ndt.etlmodule.haka.ClogGcJobProducerTest$ComparableF@5532d584->com.persinity.ndt.etlmodule.haka.ClogGcJobProducerTest$ComparableF@7c5ff8ce, com.persinity.ndt.etlmodule.haka.ClogGcJobProducerTest$ComparableF@7c5ff8ce, com.persinity.ndt.etlmodule.haka.ClogGcJobProducerTest$ComparableF@4755d962->com.persinity.ndt.etlmodule.haka.ClogGcJobProducerTest$ComparableF@5532d584}, EasyMock for interface com.persinity.common.collection.Pool, 2)
2015-09-22 08:13:04.483 DEBUG [           main] c.p.n.e.h.LuwJobProcessor:111 - Processing EasyMock for class com.persinity.ndt.etlmodule.haka.LuwJob
2015-09-22 08:13:04.496 DEBUG [           main] c.p.n.e.h.TransferWindowJobProducer:111 - Getting next window EasyMock for class com.persinity.ndt.etlmodule.haka.WindowGeneratorJob
2015-09-22 08:13:04.497 DEBUG [           main] c.p.n.e.h.TransferWindowJobProducer:111 - Created TransferWindowJob@2037f84c(182b13ee04b8-20/182b13ee04b8-21, EasyMock for interface com.persinity.ndt.transform.TransferWindow, stub context name)
2015-09-22 08:13:04.498 DEBUG [           main] c.p.n.e.h.TransferWindowJobProducer:111 - Getting next window EasyMock for class com.persinity.ndt.etlmodule.haka.WindowGeneratorJob
2015-09-22 08:13:04.498 DEBUG [           main] c.p.n.e.h.TransferWindowJobProducer:111 - Created TransferWindowJob@3a8e561a(182b13ee04b8-20/182b13ee04b8-22, EasyMock for interface com.persinity.ndt.transform.TransferWindow, stub context name)
2015-09-22 08:13:04.499 DEBUG [           main] c.p.n.e.h.TransferWindowJobProducer:111 - Getting next window EasyMock for class com.persinity.ndt.etlmodule.haka.WindowGeneratorJob
2015-09-22 08:13:04.500 DEBUG [           main] c.p.n.e.h.TransferWindowJobProducer:111 - Created TransferWindowIdleJob@56b6e2fe(182b13ee04b8-23/182b13ee04b8-24, EasyMock for interface com.persinity.ndt.transform.TransferWindow, stub context name)
2015-09-22 08:13:04.501 DEBUG [           main] c.p.n.e.h.TransferWindowJobProducer:111 - Getting next window EasyMock for class com.persinity.ndt.etlmodule.haka.WindowGeneratorJob
2015-09-22 08:13:04.501 DEBUG [           main] c.p.n.e.h.TransferWindowJobProducer:111 - Created TransferWindowJob@f0be2c(182b13ee04b8-25/182b13ee04b8-26, EasyMock for interface com.persinity.ndt.transform.TransferWindow, stub context name)
2015-09-22 08:13:04.501 DEBUG [           main] c.p.n.e.h.TransferWindowJobProducer:111 - Getting next window EasyMock for class com.persinity.ndt.etlmodule.haka.WindowGeneratorJob
2015-09-22 08:13:04.502 DEBUG [           main] c.p.n.e.h.TransferWindowJobProducer:111 - No more windows
2015-09-22 08:13:04.537 DEBUG [           main] c.p.n.e.h.TransferEntityJobProducer:111 - Processing EasyMock for class com.persinity.ndt.etlmodule.haka.TransferWindowJob
2015-09-22 08:13:04.537 DEBUG [           main] c.p.n.e.h.TransferEntityJobProducer:111 - Found empty window EasyMock for interface com.persinity.ndt.transform.TransferWindow
2015-09-22 08:13:04.539 DEBUG [           main] c.p.n.e.h.TransferEntityJobProducer:111 - Processing EasyMock for class com.persinity.ndt.etlmodule.haka.TransferWindowJob
2015-09-22 08:13:04.555 DEBUG [           main] c.p.n.e.h.TransferEntityJobProducer:111 - Skipping EasyMock for class com.persinity.ndt.etlmodule.relational.common.NoOpsRelTransferFunctor
2015-09-22 08:13:04.555 DEBUG [           main] c.p.n.e.h.TransferEntityJobProducer:111 - Skipping EasyMock for class com.persinity.ndt.etlmodule.relational.common.NoOpsRelTransferFunctor
2015-09-22 08:13:04.557 DEBUG [           main] c.p.n.e.h.TransferEntityJobProducer:111 - Processing EasyMock for class com.persinity.ndt.etlmodule.haka.TransferWindowJob
2015-09-22 08:13:04.557 DEBUG [           main] c.p.n.e.h.TransferEntityJobProducer:111 - DataMotion of EasyMock for interface com.persinity.ndt.transform.TransferWindow
2015-09-22 08:13:04.560 DEBUG [           main] c.p.n.e.h.TransferEntityJobProducer:111 - ETL plan: ([EasyMock for class com.persinity.ndt.etlmodule.relational.common.NoOpsRelTransferFunctor, EasyMock for class com.persinity.ndt.etlmodule.relational.common.NoOpsRelTransferFunctor, EasyMock for class com.persinity.ndt.etlmodule.relational.common.RelTransferFunctor], [])
2015-09-22 08:13:04.580 DEBUG [           main] c.p.n.e.h.TransferEntityJobProducer:111 - Skipping EasyMock for class com.persinity.ndt.etlmodule.relational.common.NoOpsRelTransferFunctor
2015-09-22 08:13:04.581 DEBUG [           main] c.p.n.e.h.TransferEntityJobProducer:111 - Skipping EasyMock for class com.persinity.ndt.etlmodule.relational.common.NoOpsRelTransferFunctor
2015-09-22 08:13:04.581 DEBUG [           main] c.p.n.e.h.TransferEntityJobProducer:111 - Created TransferEntityJob@384f27a1(182b13ee04b8-27/182b13ee04b8-28, EasyMock for class com.persinity.ndt.etlmodule.relational.common.RelTransferFunctor, EasyMock for class com.persinity.common.collection.DirectedEdge)
2015-09-22 08:13:04.585 DEBUG [           main] c.p.n.e.h.TransferEntityJobProducer:111 - Processing EasyMock for class com.persinity.ndt.etlmodule.haka.TransferWindowJob
2015-09-22 08:13:04.586 DEBUG [           main] c.p.n.e.h.TransferEntityJobProducer:111 - Created TransferEntityJob@562ceb60(182b13ee04b8-29/182b13ee04b8-30, EasyMock for class com.persinity.ndt.etlmodule.relational.common.RelTransferFunctor, EasyMock for class com.persinity.common.collection.DirectedEdge)
2015-09-22 08:13:04.586 DEBUG [           main] c.p.n.e.h.TransferEntityJobProducer:111 - Processing EasyMock for class com.persinity.ndt.etlmodule.haka.TransferWindowJob
2015-09-22 08:13:04.587 DEBUG [           main] c.p.n.e.h.TransferEntityJobProducer:111 - Skipping EasyMock for class com.persinity.ndt.etlmodule.relational.common.NoOpsRelTransferFunctor
2015-09-22 08:13:04.587 DEBUG [           main] c.p.n.e.h.TransferEntityJobProducer:111 - Created TransferEntityJob@1f1117d3(182b13ee04b8-29/182b13ee04b8-31, EasyMock for class com.persinity.ndt.etlmodule.relational.common.RelTransferFunctor, EasyMock for class com.persinity.common.collection.DirectedEdge)
2015-09-22 08:13:04.587 DEBUG [           main] c.p.n.e.h.TransferEntityJobProducer:111 - Processing EasyMock for class com.persinity.ndt.etlmodule.haka.TransferWindowJob
2015-09-22 08:13:04.595 DEBUG [           main] c.p.n.e.h.ClogGcJobProcessor:111 - Processing EasyMock for class com.persinity.ndt.etlmodule.haka.ClogGcJob
2015-09-22 08:13:04.603 DEBUG [           main] c.p.n.e.r.RelTransferWindow:111 - Created RelTransferWindow@62de116b(EasyMock for interface com.persinity.common.collection.Pool->EasyMock for interface com.persinity.common.collection.Pool, [1, 2, 3, 4], [table1, table3, table2, table4], [table1, table2, table3, table4])
2015-09-22 08:13:04.604 DEBUG [           main] c.p.n.e.r.RelTransferWindow:111 - Created RelTransferWindow@5e863959(EasyMock for interface com.persinity.common.collection.Pool->EasyMock for interface com.persinity.common.collection.Pool, [5, 6, 7], [table1, table3, table2], [table1, table2, table3, table4])
2015-09-22 08:13:04.605 DEBUG [           main] c.p.n.e.r.RelTransferWindow:111 - Created RelTransferWindow@5e8858d1(EasyMock for interface com.persinity.common.collection.Pool->EasyMock for interface com.persinity.common.collection.Pool, [8, 9, 10], [table3, table2, table4], [table1, table2, table3, table4])
2015-09-22 08:13:04.607 DEBUG [           main] c.p.n.e.s.SerialEtlPlanExecutor:111 - [test] Getting next window from EasyMock for interface com.persinity.ndt.etlmodule.WindowGenerator
2015-09-22 08:13:04.608 DEBUG [           main] c.p.n.e.s.SerialEtlPlanExecutor:111 - [test] Transfer of RelTransferWindow@62de116b
2015-09-22 08:13:04.608 DEBUG [           main] c.p.n.e.s.SerialEtlPlanExecutor:111 - [test] Transform plan: ([com.persinity.ndt.etlmodule.serial.SerialEtlPlanExecutorTest$8@442562f2, com.persinity.ndt.etlmodule.serial.SerialEtlPlanExecutorTest$8@728320d1, com.persinity.ndt.etlmodule.serial.SerialEtlPlanExecutorTest$8@7edfb412, com.persinity.ndt.etlmodule.serial.SerialEtlPlanExecutorTest$8@10a74ad1], [])
2015-09-22 08:13:04.608 DEBUG [           main] c.p.n.e.s.SerialEtlPlanExecutor:111 - [test] Processing com.persinity.ndt.etlmodule.serial.SerialEtlPlanExecutorTest$8@442562f2
2015-09-22 08:13:04.609 DEBUG [           main] c.p.n.e.s.SerialEtlPlanExecutor:111 - [test] Processing Func(RelTransferWindow@62de116b:table1) over EasyMock for interface com.persinity.common.collection.Pool->EasyMock for interface com.persinity.common.collection.Pool
2015-09-22 08:13:04.609 DEBUG [           main] c.p.n.e.s.SerialEtlPlanExecutor:111 - [test] Processing com.persinity.ndt.etlmodule.serial.SerialEtlPlanExecutorTest$8@728320d1
2015-09-22 08:13:04.609 DEBUG [           main] c.p.n.e.s.SerialEtlPlanExecutor:111 - [test] Processing Func(RelTransferWindow@62de116b:table2) over EasyMock for interface com.persinity.common.collection.Pool->EasyMock for interface com.persinity.common.collection.Pool
2015-09-22 08:13:04.609 DEBUG [           main] c.p.n.e.s.SerialEtlPlanExecutor:111 - [test] Processing com.persinity.ndt.etlmodule.serial.SerialEtlPlanExecutorTest$8@7edfb412
2015-09-22 08:13:04.610 DEBUG [           main] c.p.n.e.s.SerialEtlPlanExecutor:111 - [test] Processing Func(RelTransferWindow@62de116b:table3) over EasyMock for interface com.persinity.common.collection.Pool->EasyMock for interface com.persinity.common.collection.Pool
2015-09-22 08:13:04.610 DEBUG [           main] c.p.n.e.s.SerialEtlPlanExecutor:111 - [test] Processing com.persinity.ndt.etlmodule.serial.SerialEtlPlanExecutorTest$8@10a74ad1
2015-09-22 08:13:04.610 DEBUG [           main] c.p.n.e.s.SerialEtlPlanExecutor:111 - [test] Processing Func(RelTransferWindow@62de116b:table4) over EasyMock for interface com.persinity.common.collection.Pool->EasyMock for interface com.persinity.common.collection.Pool
2015-09-22 08:13:04.610 DEBUG [           main] c.p.n.e.s.SerialEtlPlanExecutor:111 - [test] Transfer of RelTransferWindow@5e863959
2015-09-22 08:13:04.610 DEBUG [           main] c.p.n.e.s.SerialEtlPlanExecutor:111 - [test] Transform plan: ([com.persinity.ndt.etlmodule.serial.SerialEtlPlanExecutorTest$8@18f3e9f4, com.persinity.ndt.etlmodule.serial.SerialEtlPlanExecutorTest$8@35849ef8, com.persinity.ndt.etlmodule.serial.SerialEtlPlanExecutorTest$8@15e0c73b], [])
2015-09-22 08:13:04.611 DEBUG [           main] c.p.n.e.s.SerialEtlPlanExecutor:111 - [test] Processing com.persinity.ndt.etlmodule.serial.SerialEtlPlanExecutorTest$8@18f3e9f4
2015-09-22 08:13:04.611 DEBUG [           main] c.p.n.e.s.SerialEtlPlanExecutor:111 - [test] Processing Func(RelTransferWindow@5e863959:table1) over EasyMock for interface com.persinity.common.collection.Pool->EasyMock for interface com.persinity.common.collection.Pool
2015-09-22 08:13:04.611 DEBUG [           main] c.p.n.e.s.SerialEtlPlanExecutor:111 - [test] Processing com.persinity.ndt.etlmodule.serial.SerialEtlPlanExecutorTest$8@35849ef8
2015-09-22 08:13:04.611 DEBUG [           main] c.p.n.e.s.SerialEtlPlanExecutor:111 - [test] Processing Func(RelTransferWindow@5e863959:table2) over EasyMock for interface com.persinity.common.collection.Pool->EasyMock for interface com.persinity.common.collection.Pool
2015-09-22 08:13:04.612 DEBUG [           main] c.p.n.e.s.SerialEtlPlanExecutor:111 - [test] Processing com.persinity.ndt.etlmodule.serial.SerialEtlPlanExecutorTest$8@15e0c73b
2015-09-22 08:13:04.612 DEBUG [           main] c.p.n.e.s.SerialEtlPlanExecutor:111 - [test] Processing Func(RelTransferWindow@5e863959:table3) over EasyMock for interface com.persinity.common.collection.Pool->EasyMock for interface com.persinity.common.collection.Pool
2015-09-22 08:13:04.612 DEBUG [           main] c.p.n.e.s.SerialEtlPlanExecutor:111 - [test] Transfer of RelTransferWindow@5e8858d1
2015-09-22 08:13:04.612 DEBUG [           main] c.p.n.e.s.SerialEtlPlanExecutor:111 - [test] Transform plan: ([com.persinity.ndt.etlmodule.serial.SerialEtlPlanExecutorTest$8@64f73fe2, com.persinity.ndt.etlmodule.serial.SerialEtlPlanExecutorTest$8@24834237, com.persinity.ndt.etlmodule.serial.SerialEtlPlanExecutorTest$8@25703b9b], [])
2015-09-22 08:13:04.612 DEBUG [           main] c.p.n.e.s.SerialEtlPlanExecutor:111 - [test] Processing com.persinity.ndt.etlmodule.serial.SerialEtlPlanExecutorTest$8@64f73fe2
2015-09-22 08:13:04.613 DEBUG [           main] c.p.n.e.s.SerialEtlPlanExecutor:111 - [test] Processing Func(RelTransferWindow@5e8858d1:table2) over EasyMock for interface com.persinity.common.collection.Pool->EasyMock for interface com.persinity.common.collection.Pool
2015-09-22 08:13:04.613 DEBUG [           main] c.p.n.e.s.SerialEtlPlanExecutor:111 - [test] Processing com.persinity.ndt.etlmodule.serial.SerialEtlPlanExecutorTest$8@24834237
2015-09-22 08:13:04.613 DEBUG [           main] c.p.n.e.s.SerialEtlPlanExecutor:111 - [test] Processing Func(RelTransferWindow@5e8858d1:table3) over EasyMock for interface com.persinity.common.collection.Pool->EasyMock for interface com.persinity.common.collection.Pool
2015-09-22 08:13:04.613 DEBUG [           main] c.p.n.e.s.SerialEtlPlanExecutor:111 - [test] Processing com.persinity.ndt.etlmodule.serial.SerialEtlPlanExecutorTest$8@25703b9b
2015-09-22 08:13:04.613 DEBUG [           main] c.p.n.e.s.SerialEtlPlanExecutor:111 - [test] Processing Func(RelTransferWindow@5e8858d1:table4) over EasyMock for interface com.persinity.common.collection.Pool->EasyMock for interface com.persinity.common.collection.Pool
